<?xml version="1.0" encoding="UTF-8"?>
<!-- Generated by org.testng.reporters.JUnitReportReporter -->
<testsuite hostname="lhrlt-07188" failures="0" tests="1" name="com.sssport.testcases.FormThirdTestCases" time="0.347" errors="0" timestamp="2021-12-07T14:04:21 PKT" skipped="0">
  <testcase classname="com.sssport.testcases.FormThirdTestCases" name="inputField" time="0.347"/>
  <system-out/>
</testsuite> <!-- com.sssport.testcases.FormThirdTestCases -->
