<?xml version="1.0" encoding="UTF-8"?>
<!-- Generated by org.testng.reporters.JUnitReportReporter -->
<testsuite hostname="ip-192-168-10-17.ec2.internal" failures="0" tests="1" name="com.arbisoft.testcases.SaveQuoteTestCases" time="0.695" errors="0" timestamp="2022-02-22T12:02:11 PKT" skipped="0">
  <testcase classname="com.arbisoft.testcases.SaveQuoteTestCases" name="saveQuoteTest" time="0.695"/>
  <system-out/>
</testsuite> <!-- com.arbisoft.testcases.SaveQuoteTestCases -->
