<?xml version="1.0" encoding="UTF-8"?>
<!-- Generated by org.testng.reporters.JUnitReportReporter -->
<testsuite hostname="lhrlt-07188" failures="0" tests="1" name="com.arbisoft.testcases.UserDetailTestCases" time="8.304" errors="0" timestamp="2021-12-12T15:25:16 PKT" skipped="0">
  <testcase classname="com.arbisoft.testcases.UserDetailTestCases" name="inputField" time="8.304"/>
  <system-out/>
</testsuite> <!-- com.arbisoft.testcases.UserDetailTestCases -->
