<?xml version="1.0" encoding="UTF-8"?>
<!-- Generated by org.testng.reporters.JUnitReportReporter -->
<testsuite hostname="A006-00529.arbisoft.com" failures="0" tests="1" name="com.arbisoft.testcases.ExtentDemo" time="10.171" errors="0" timestamp="2022-04-11T12:47:34 PKT" skipped="0">
  <testcase classname="com.arbisoft.testcases.ExtentDemo" name="extentReportsDemo" time="10.171"/>
  <system-out/>
</testsuite> <!-- com.arbisoft.testcases.ExtentDemo -->
