<?xml version="1.0" encoding="UTF-8"?>
<!-- Generated by org.testng.reporters.JUnitReportReporter -->
<testsuite hostname="ip-192-168-100-12.ec2.internal" failures="0" tests="2" name="com.arbisoft.testcases.CarInformationTestCases" time="63.299" errors="0" timestamp="2022-02-18T13:47:44 PKT" skipped="0">
  <testcase classname="com.arbisoft.testcases.CarInformationTestCases" name="verifyCarInfoHeadingTest" time="33.712"/>
  <system-out/>
  <testcase classname="com.arbisoft.testcases.CarInformationTestCases" name="carInfoTest" time="29.587"/>
  <system-out/>
</testsuite> <!-- com.arbisoft.testcases.CarInformationTestCases -->
