<?xml version="1.0" encoding="UTF-8"?>
<!-- Generated by org.testng.reporters.JUnitReportReporter -->
<testsuite hostname="lhrlt-07188" failures="0" tests="1" name="com.sssport.testcases.FormTestCases" time="5.750" errors="0" timestamp="2021-12-07T11:27:40 PKT" skipped="0">
  <testcase classname="com.sssport.testcases.FormTestCases" name="inputField" time="5.750"/>
  <system-out/>
</testsuite> <!-- com.sssport.testcases.FormTestCases -->
