<?xml version="1.0" encoding="UTF-8"?>
<!-- Generated by org.testng.reporters.JUnitReportReporter -->
<testsuite hostname="NIS-PK608s-MacBook-Pro.local" failures="0" tests="2" name="com.tenpearls.testcases.AddToCartEditDeleteTestCases" time="30.420" errors="0" timestamp="2022-06-27T12:06:17 PKT" skipped="0">
  <testcase classname="com.tenpearls.testcases.AddToCartEditDeleteTestCases" name="verifyPageTitle" time="5.066"/>
  <system-out/>
  <testcase classname="com.tenpearls.testcases.AddToCartEditDeleteTestCases" name="invalidInputs" time="25.354"/>
  <system-out/>
</testsuite> <!-- com.tenpearls.testcases.AddToCartEditDeleteTestCases -->
