<?xml version="1.0" encoding="UTF-8"?>
<!-- Generated by org.testng.reporters.JUnitReportReporter -->
<testsuite hostname="lhrlt-07188" failures="0" tests="1" name="com.sssport.testcases.HomeTestCases" time="1.437" errors="0" timestamp="2021-12-06T21:00:05 PKT" skipped="0">
  <testcase classname="com.sssport.testcases.HomeTestCases" name="loginGmail" time="1.437"/>
  <system-out/>
</testsuite> <!-- com.sssport.testcases.HomeTestCases -->
