<?xml version="1.0" encoding="UTF-8"?>
<!-- Generated by org.testng.reporters.JUnitReportReporter -->
<testsuite hostname="lhrlt-07188" failures="0" tests="1" name="com.arbisoft.testcases.FormSecondTestCases" time="1.316" errors="0" timestamp="2021-12-08T23:37:33 PKT" skipped="0">
  <testcase classname="com.arbisoft.testcases.FormSecondTestCases" name="inputField" time="1.316"/>
  <system-out/>
</testsuite> <!-- com.arbisoft.testcases.FormSecondTestCases -->
