<?xml version="1.0" encoding="UTF-8"?>
<!-- Generated by org.testng.reporters.JUnitReportReporter -->
<testsuite hostname="ip-192-168-10-17.ec2.internal" failures="0" tests="2" name="com.arbisoft.testcases.CarDetailTestCases" time="2.338" errors="0" timestamp="2022-02-22T16:54:09 PKT" skipped="0">
  <testcase classname="com.arbisoft.testcases.CarDetailTestCases" name="verifyCarDetailLabel" time="0.624"/>
  <system-out/>
  <testcase classname="com.arbisoft.testcases.CarDetailTestCases" name="carDetailTest" time="1.714"/>
  <system-out/>
</testsuite> <!-- com.arbisoft.testcases.CarDetailTestCases -->
