<?xml version="1.0" encoding="UTF-8"?>
<!-- Generated by org.testng.reporters.JUnitReportReporter -->
<testsuite hostname="lhrlt-07188" failures="0" tests="1" name="com.arbisoft.testcases.FormFourthTestCases" time="2.737" errors="0" timestamp="2021-12-09T12:36:35 PKT" skipped="0">
  <testcase classname="com.arbisoft.testcases.FormFourthTestCases" name="inputField" time="2.737"/>
  <system-out/>
</testsuite> <!-- com.arbisoft.testcases.FormFourthTestCases -->
