<?xml version="1.0" encoding="UTF-8"?>
<!-- Generated by org.testng.reporters.JUnitReportReporter -->
<testsuite hostname="lhrlt-07188" failures="0" tests="1" name="com.arbisoft.testcases.FileUploadingTestCases" time="14.383" errors="0" timestamp="2021-12-12T20:50:04 PKT" skipped="0">
  <testcase classname="com.arbisoft.testcases.FileUploadingTestCases" name="inputField" time="14.383"/>
  <system-out/>
</testsuite> <!-- com.arbisoft.testcases.FileUploadingTestCases -->
