<?xml version="1.0" encoding="UTF-8"?>
<!-- Generated by org.testng.reporters.JUnitReportReporter -->
<testsuite hostname="lhrlt-07188" failures="0" tests="1" name="com.arbisoft.testcases.DateAndDateTestCases" time="0.448" errors="0" timestamp="2021-12-13T01:02:39 PKT" skipped="0">
  <testcase classname="com.arbisoft.testcases.DateAndDateTestCases" name="dateTimes" time="0.448"/>
  <system-out/>
</testsuite> <!-- com.arbisoft.testcases.DateAndDateTestCases -->
