<?xml version="1.0" encoding="UTF-8"?>
<!-- Generated by org.testng.reporters.JUnitReportReporter -->
<testsuite hostname="lhrlt-07188" failures="0" tests="1" name="com.arbisoft.testcases.FormThirdTestCases" time="2.051" errors="0" timestamp="2021-12-08T23:49:52 PKT" skipped="0">
  <testcase classname="com.arbisoft.testcases.FormThirdTestCases" name="inputField" time="2.051"/>
  <system-out/>
</testsuite> <!-- com.arbisoft.testcases.FormThirdTestCases -->
