<?xml version="1.0" encoding="UTF-8"?>
<!-- Generated by org.testng.reporters.JUnitReportReporter -->
<testsuite hostname="lhrlt-07188" failures="0" tests="1" name="com.sssport.testcases.FormFourthTestCases" time="2.332" errors="0" timestamp="2021-12-08T16:18:25 PKT" skipped="0">
  <testcase classname="com.sssport.testcases.FormFourthTestCases" name="inputField" time="2.332"/>
  <system-out/>
</testsuite> <!-- com.sssport.testcases.FormFourthTestCases -->
