<?xml version="1.0" encoding="UTF-8"?>
<!-- Generated by org.testng.reporters.JUnitReportReporter -->
<testsuite hostname="lhrlt-07188" failures="0" tests="1" name="com.sssport.testcases.FormSecondTestCases" time="0.885" errors="0" timestamp="2021-12-08T22:45:18 PKT" skipped="0">
  <testcase classname="com.sssport.testcases.FormSecondTestCases" name="inputField" time="0.885"/>
  <system-out/>
</testsuite> <!-- com.sssport.testcases.FormSecondTestCases -->
