<?xml version="1.0" encoding="UTF-8"?>
<!-- Generated by org.testng.reporters.JUnitReportReporter -->
<testsuite hostname="ip-192-168-100-12.ec2.internal" failures="0" tests="2" name="com.arbisoft.testcases.DiscountTestCases" time="2.022" errors="0" timestamp="2022-02-18T15:28:05 PKT" skipped="0">
  <testcase classname="com.arbisoft.testcases.DiscountTestCases" name="verifyCarInfoHeadingTest" time="1.707"/>
  <system-out/>
  <testcase classname="com.arbisoft.testcases.DiscountTestCases" name="discountTest" time="0.315"/>
  <system-out/>
</testsuite> <!-- com.arbisoft.testcases.DiscountTestCases -->
