<?xml version="1.0" encoding="UTF-8"?>
<!-- Generated by org.testng.reporters.JUnitReportReporter -->
<testsuite hostname="lhrlt-07188" failures="0" tests="1" name="com.arbisoft.testcases.UserDetailTestCase" time="8.100" errors="0" timestamp="2021-12-12T18:51:47 PKT" skipped="0">
  <testcase classname="com.arbisoft.testcases.UserDetailTestCase" name="inputField" time="8.100"/>
  <system-out/>
</testsuite> <!-- com.arbisoft.testcases.UserDetailTestCase -->
