<?xml version="1.0" encoding="UTF-8"?>
<!-- Generated by org.testng.reporters.JUnitReportReporter -->
<testsuite hostname="NIS-PK608s-MacBook-Pro.local" failures="0" tests="2" name="com.tenpearls.testcases.HomeTestCases" time="29.463" errors="0" timestamp="2022-06-27T12:01:49 PKT" skipped="0">
  <testcase classname="com.tenpearls.testcases.HomeTestCases" name="verifyTitlePage" time="5.046"/>
  <system-out/>
  <testcase classname="com.tenpearls.testcases.HomeTestCases" name="signUpPage" time="24.417"/>
  <system-out/>
</testsuite> <!-- com.tenpearls.testcases.HomeTestCases -->
