<?xml version="1.0" encoding="UTF-8"?>
<!-- Generated by org.testng.reporters.JUnitReportReporter -->
<testsuite hostname="NIS-PK608s-MacBook-Pro.local" failures="0" tests="2" name="com.tenpearls.testcases.SignupTestCases" time="0.000" errors="0" timestamp="2022-06-27T00:32:58 PKT" skipped="2">
  <testcase classname="com.tenpearls.testcases.SignupTestCases" name="verifyPageTitle" time="0.000">
    <skipped/>
  </testcase> <!-- verifyPageTitle -->
  <system-out/>
  <testcase classname="com.tenpearls.testcases.SignupTestCases" name="invalidInputs" time="0.000">
    <skipped/>
  </testcase> <!-- invalidInputs -->
  <system-out/>
</testsuite> <!-- com.tenpearls.testcases.SignupTestCases -->
