<?xml version="1.0" encoding="UTF-8"?>
<!-- Generated by org.testng.reporters.JUnitReportReporter -->
<testsuite hostname="NIS-PK608s-MacBook-Pro.local" failures="0" tests="2" name="com.tenpearls.testcases.HomeTestCases" time="15.541" errors="0" timestamp="2022-06-27T11:33:24 PKT" skipped="0">
  <testcase classname="com.tenpearls.testcases.HomeTestCases" name="verifyTitlePage" time="5.053"/>
  <system-out/>
  <testcase classname="com.tenpearls.testcases.HomeTestCases" name="signUpPage" time="10.488"/>
  <system-out/>
</testsuite> <!-- com.tenpearls.testcases.HomeTestCases -->
