<?xml version="1.0" encoding="UTF-8"?>
<!-- Generated by org.testng.reporters.JUnitReportReporter -->
<testsuite hostname="lhrlt-07188" failures="0" tests="1" name="com.arbisoft.testcases.DropdownTestCases" time="2.834" errors="0" timestamp="2021-12-12T00:15:20 PKT" skipped="0">
  <testcase classname="com.arbisoft.testcases.DropdownTestCases" name="inputField" time="2.834"/>
  <system-out/>
</testsuite> <!-- com.arbisoft.testcases.DropdownTestCases -->
