<?xml version="1.0" encoding="UTF-8"?>
<!-- Generated by org.testng.reporters.JUnitReportReporter -->
<testsuite hostname="NIS-PK608s-MacBook-Pro.local" failures="0" tests="2" name="com.tenpearls.testcases.AddToCartTestCases" time="26.772" errors="0" timestamp="2022-06-27T00:40:31 PKT" skipped="0">
  <testcase classname="com.tenpearls.testcases.AddToCartTestCases" name="verifyPageTitle" time="5.086"/>
  <system-out/>
  <testcase classname="com.tenpearls.testcases.AddToCartTestCases" name="invalidInputs" time="21.686"/>
  <system-out/>
</testsuite> <!-- com.tenpearls.testcases.AddToCartTestCases -->
